<?xml version="1.0" encoding="UTF-8"?>
<testsuites name="login" time="54.784" tests="2" failures="0" errors="0">
   <testsuite name="login" tests="2" failures="0" errors="0" time="54.784" skipped="0" timestamp="28-04-2025T19:00:05" hostname="koshy - LAPTOP-7SQQJ7D0" id="Test Suites/login">
      <properties>
         <property name="deviceName" value=""/>
         <property name="devicePlatform"/>
         <property name="logFolder" value="C:\\Users\\koshy\\git\\secondautomation\\Reports\\20250428_185955\\login\\20250428_185955"/>
         <property name="logFiles" value="C:\\Users\\koshy\\git\\secondautomation\\Reports\\20250428_185955\\login\\20250428_185955\\console0.log, C:\\Users\\koshy\\git\\secondautomation\\Reports\\20250428_185955\\login\\20250428_185955\\execution0.log"/>
         <property name="attachments" value=""/>
         <property name="hostName" value="koshy - LAPTOP-7SQQJ7D0"/>
         <property name="os" value="Windows 11 64bit"/>
         <property name="katalonVersion" value="10.2.0.0"/>
         <property name="browser" value="Chrome 135.0.7049.115"/>
         <property name="userFullName" value="anu lil koshy"/>
         <property name="hostAddress" value="192.168.223.253"/>
         <property name="sessionId" value="55ab93e377a1af9d4a9f06ff2843ea71"/>
         <property name="projectName" value="secondautomation"/>
         <property name="seleniumVersion" value="4.28.1"/>
         <property name="proxyInformation" value="ProxyInformation { proxyOption=NO_PROXY, proxyServerType=HTTP, username=, password=********, proxyServerAddress=, proxyServerPort=0, executionList=&quot;&quot;, isApplyToDesiredCapabilities=true }"/>
         <property name="platform" value="Windows 11"/>
      </properties>
      <testcase name="Test Cases/invalid login" time="41.879" classname="Test Cases/invalid login" status="PASSED">
         <system-out><![CDATA[28-04-2025T19:00:06 - [TEST_CASE][PASSED] - Test Cases/invalid login: Test Cases/invalid login

28-04-2025T19:00:07 - [TEST_STEP][PASSED] - openBrowser(""): Browser is opened with url: ''

28-04-2025T19:00:08 - [MESSAGE][INFO] - Starting 'Chrome' driver

28-04-2025T19:00:08 - [MESSAGE][INFO] - Action delay is set to 0 milliseconds

28-04-2025T19:00:11 - [MESSAGE][PASSED] - Browser is opened with url: ''

28-04-2025T19:00:11 - [TEST_STEP][PASSED] - navigateToUrl("https://www.saucedemo.com/"): Navigate to 'https://www.saucedemo.com/' successfully

28-04-2025T19:00:13 - [MESSAGE][PASSED] - Navigate to 'https://www.saucedemo.com/' successfully

28-04-2025T19:00:13 - [TEST_STEP][PASSED] - click(findTestObject("Object Repository/Page_Swag Labs/div_Accepted usernames arestandard_userlock_f87578")): Object: 'Object Repository/Page_Swag Labs/div_Accepted usernames arestandard_userlock_f87578' is clicked on

28-04-2025T19:00:16 - [MESSAGE][PASSED] - Object: 'Object Repository/Page_Swag Labs/div_Accepted usernames arestandard_userlock_f87578' is clicked on

28-04-2025T19:00:16 - [TEST_STEP][PASSED] - setText(findTestObject("Page_Swag Labs/input_Swag Labs_user-name"), "standard_user"): Text 'standard_user' is set on object 'Object Repository/Page_Swag Labs/input_Swag Labs_user-name'

28-04-2025T19:00:17 - [MESSAGE][PASSED] - Text 'standard_user' is set on object 'Object Repository/Page_Swag Labs/input_Swag Labs_user-name'

28-04-2025T19:00:17 - [TEST_STEP][PASSED] - click(findTestObject("Page_Swag Labs/div_Password for all userssecret_sauce")): Object: 'Object Repository/Page_Swag Labs/div_Password for all userssecret_sauce' is clicked on

28-04-2025T19:00:17 - [MESSAGE][PASSED] - Object: 'Object Repository/Page_Swag Labs/div_Password for all userssecret_sauce' is clicked on

28-04-2025T19:00:17 - [TEST_STEP][PASSED] - setEncryptedText(findTestObject("Page_Swag Labs/input_Swag Labs_password"), "qcu24s4901E3hV1ZYjq30w=="): Text ****** has been set on object 'Object Repository/Page_Swag Labs/input_Swag Labs_password'

28-04-2025T19:00:17 - [MESSAGE][PASSED] - Text ****** has been set on object 'Object Repository/Page_Swag Labs/input_Swag Labs_password'

28-04-2025T19:00:17 - [TEST_STEP][PASSED] - click(findTestObject("Page_Swag Labs/input_Swag Labs_login-button")): Object: 'Object Repository/Page_Swag Labs/input_Swag Labs_login-button' is clicked on

28-04-2025T19:00:18 - [MESSAGE][PASSED] - Object: 'Object Repository/Page_Swag Labs/input_Swag Labs_login-button' is clicked on

28-04-2025T19:00:18 - [TEST_STEP][PASSED] - verifyElementText(findTestObject("Object Repository/Page_Swag Labs/h3_Epic sadface Username and password do no_0e8909"), "Epic sadface: Username and password do not match any user in this service"): Actual text and expected text of test object 'Object Repository/Page_Swag Labs/h3_Epic sadface Username and password do no_0e8909' are matched.

28-04-2025T19:00:48 - [MESSAGE][PASSED] - Actual text and expected text of test object 'Object Repository/Page_Swag Labs/h3_Epic sadface Username and password do no_0e8909' are matched.

28-04-2025T19:00:48 - [TEST_STEP][PASSED] - closeBrowser(): Browser is closed

28-04-2025T19:00:48 - [MESSAGE][PASSED] - Browser is closed]]></system-out>
         <system-err><![CDATA[]]></system-err>
      </testcase>
      <testcase name="Test Cases/login" time="11.915" classname="Test Cases/login" status="PASSED">
         <system-out><![CDATA[28-04-2025T19:00:48 - [TEST_CASE][PASSED] - Test Cases/login: Test Cases/login

28-04-2025T19:00:48 - [TEST_STEP][PASSED] - openBrowser(""): Browser is opened with url: ''

28-04-2025T19:00:48 - [MESSAGE][INFO] - Starting 'Chrome' driver

28-04-2025T19:00:48 - [MESSAGE][INFO] - Action delay is set to 0 milliseconds

28-04-2025T19:00:50 - [MESSAGE][PASSED] - Browser is opened with url: ''

28-04-2025T19:00:50 - [TEST_STEP][PASSED] - navigateToUrl("https://www.saucedemo.com/"): Navigate to 'https://www.saucedemo.com/' successfully

28-04-2025T19:00:52 - [MESSAGE][PASSED] - Navigate to 'https://www.saucedemo.com/' successfully

28-04-2025T19:00:52 - [TEST_STEP][PASSED] - click(findTestObject("Object Repository/Page_Swag Labs/div_Accepted usernames arestandard_userlock_0d4679")): Object: 'Object Repository/Page_Swag Labs/div_Accepted usernames arestandard_userlock_0d4679' is clicked on

28-04-2025T19:00:57 - [MESSAGE][PASSED] - Object: 'Object Repository/Page_Swag Labs/div_Accepted usernames arestandard_userlock_0d4679' is clicked on

28-04-2025T19:00:57 - [TEST_STEP][PASSED] - setText(findTestObject("Object Repository/Page_Swag Labs/input_Swag Labs_user-name"), "standard_user"): Text 'standard_user' is set on object 'Object Repository/Page_Swag Labs/input_Swag Labs_user-name'

28-04-2025T19:00:58 - [MESSAGE][PASSED] - Text 'standard_user' is set on object 'Object Repository/Page_Swag Labs/input_Swag Labs_user-name'

28-04-2025T19:00:58 - [TEST_STEP][PASSED] - click(findTestObject("Object Repository/Page_Swag Labs/div_Password for all userssecret_sauce")): Object: 'Object Repository/Page_Swag Labs/div_Password for all userssecret_sauce' is clicked on

28-04-2025T19:00:59 - [MESSAGE][PASSED] - Object: 'Object Repository/Page_Swag Labs/div_Password for all userssecret_sauce' is clicked on

28-04-2025T19:00:59 - [TEST_STEP][PASSED] - setEncryptedText(findTestObject("Object Repository/Page_Swag Labs/input_Swag Labs_password"), "qcu24s4901FyWDTwXGr6XA=="): Text ****** has been set on object 'Object Repository/Page_Swag Labs/input_Swag Labs_password'

28-04-2025T19:00:59 - [MESSAGE][PASSED] - Text ****** has been set on object 'Object Repository/Page_Swag Labs/input_Swag Labs_password'

28-04-2025T19:00:59 - [TEST_STEP][PASSED] - click(findTestObject("Object Repository/Page_Swag Labs/input_Swag Labs_login-button")): Object: 'Object Repository/Page_Swag Labs/input_Swag Labs_login-button' is clicked on

28-04-2025T19:01:00 - [MESSAGE][PASSED] - Object: 'Object Repository/Page_Swag Labs/input_Swag Labs_login-button' is clicked on

28-04-2025T19:01:00 - [TEST_STEP][PASSED] - verifyElementText(findTestObject("Object Repository/Page_Swag Labs/span_Products"), "Products"): Actual text and expected text of test object 'Object Repository/Page_Swag Labs/span_Products' are matched.

28-04-2025T19:01:00 - [MESSAGE][PASSED] - Actual text and expected text of test object 'Object Repository/Page_Swag Labs/span_Products' are matched.

28-04-2025T19:01:00 - [TEST_STEP][PASSED] - closeBrowser(): Browser is closed

28-04-2025T19:01:00 - [MESSAGE][PASSED] - Browser is closed]]></system-out>
         <system-err><![CDATA[]]></system-err>
      </testcase>
      <system-out><![CDATA[28-04-2025T19:00:05 - [TEST_SUITE][PASSED] - login: Test Cases/login]]></system-out>
      <system-err><![CDATA[]]></system-err>
   </testsuite>
</testsuites>
